<?xml version="1.0" encoding="UTF-8"?>
<testng-results ignored="0" total="1" passed="1" failed="0" skipped="0">
  <reporter-output>
  </reporter-output>
  <suite started-at="2020-04-07T17:45:17 BST" name="Default suite" finished-at="2020-04-07T17:45:19 BST" duration-ms="1749">
    <groups>
    </groups>
    <test started-at="2020-04-07T17:45:17 BST" name="Default test" finished-at="2020-04-07T17:45:19 BST" duration-ms="1749">
      <class name="files.SumValidation">
        <test-method signature="SumOfCourses()[pri:0, instance:files.SumValidation@3c130745]" started-at="2020-04-07T17:45:17 BST" name="SumOfCourses" finished-at="2020-04-07T17:45:19 BST" duration-ms="1703" status="PASS">
          <reporter-output>
          </reporter-output>
        </test-method> <!-- SumOfCourses -->
      </class> <!-- files.SumValidation -->
    </test> <!-- Default test -->
  </suite> <!-- Default suite -->
</testng-results>
